13:33:37.496 Running build in Portland, USA (West) вҖ“ pdx1
13:33:37.497 Build machine configuration: 2 cores, 8 GB
13:33:37.626 Cloning github.com/cresume87-spec/cvresume (Branch: main, Commit: 12fb91e)
13:33:38.930 Cloning completed: 1.304s
13:33:40.021 Restored build cache from previous deployment (AkSX6yhTCgjQXLmx6T4jkWrizP4w)
13:33:40.747 Running "vercel build"
13:33:41.281 Vercel CLI 50.22.0
13:33:41.564 Installing dependencies...
13:33:41.968 yarn install v1.22.19
13:33:42.048 [1/4] Resolving packages...
13:33:42.795 [2/4] Fetching packages...
13:34:12.433 warning bare-fs@4.2.3: The engine "bare" appears to be invalid.
13:34:12.434 warning bare-os@3.6.2: The engine "bare" appears to be invalid.
13:34:12.462 [3/4] Linking dependencies...
13:34:20.682 [4/4] Building fresh packages...
13:34:23.389 success Saved lockfile.
13:34:23.393 $ prisma generate
13:34:23.724 Prisma schema loaded from prisma/schema.prisma
13:34:24.262 
13:34:24.262 вң” Generated Prisma Client (v5.22.0) to ./node_modules/@prisma/client in 370ms
13:34:24.263 
13:34:24.263 Start by importing your Prisma Client (See: https://pris.ly/d/importing-client)
13:34:24.263 
13:34:24.263 Help us improve the Prisma ORM for everyone. Share your feedback in a short 2-min survey: https://pris.ly/orm/survey/release-5-22
13:34:24.263 
13:34:24.457 Done in 42.51s.
13:34:24.483 Detected Next.js version: 15.0.7
13:34:24.486 Running "yarn run build"
13:34:24.647 yarn run v1.22.19
13:34:24.672 $ node scripts/prisma-deploy.js && next build
13:34:24.711 [prisma-deploy] Running prisma migrate deploy...
13:34:25.579 Prisma schema loaded from prisma/schema.prisma
13:34:25.584 Datasource "db": PostgreSQL database "neondb", schema "public" at "ep-round-moon-abww1cek-pooler.eu-west-2.aws.neon.tech"
13:34:29.565 
13:34:29.565 12 migrations found in prisma/migrations
13:34:29.565 
13:34:31.706 
13:34:31.708 No pending migrations to apply.
13:34:31.737 в”Ңв”Җв”Җв”Җв”Җв”Җв”Җв”Җв”Җв”Җв”Җв”Җв”Җв”Җв”Җв”Җв”Җв”Җв”Җв”Җв”Җв”Җв”Җв”Җв”Җв”Җв”Җв”Җв”Җв”Җв”Җв”Җв”Җв”Җв”Җв”Җв”Җв”Җв”Җв”Җв”Җв”Җв”Җв”Җв”Җв”Җв”Җв”Җв”Җв”Җв”Җв”Җв”Җв”Җв”Җв”Җв”Җв”Җв”җ
13:34:31.738 в”Ӯ  Update available 5.22.0 -> 7.4.1                       в”Ӯ
13:34:31.738 в”Ӯ                                                         в”Ӯ
13:34:31.738 в”Ӯ  This is a major update - please follow the guide at    в”Ӯ
13:34:31.738 в”Ӯ  https://pris.ly/d/major-version-upgrade                в”Ӯ
13:34:31.739 в”Ӯ                                                         в”Ӯ
13:34:31.739 в”Ӯ  Run the following to update                            в”Ӯ
13:34:31.739 в”Ӯ    yarn add --dev prisma@latest                         в”Ӯ
13:34:31.739 в”Ӯ    yarn add @prisma/client@latest                       в”Ӯ
13:34:31.739 в””в”Җв”Җв”Җв”Җв”Җв”Җв”Җв”Җв”Җв”Җв”Җв”Җв”Җв”Җв”Җв”Җв”Җв”Җв”Җв”Җв”Җв”Җв”Җв”Җв”Җв”Җв”Җв”Җв”Җв”Җв”Җв”Җв”Җв”Җв”Җв”Җв”Җв”Җв”Җв”Җв”Җв”Җв”Җв”Җв”Җв”Җв”Җв”Җв”Җв”Җв”Җв”Җв”Җв”Җв”Җв”Җв”Җв”ҳ
13:34:32.505    в–І Next.js 15.0.7
13:34:32.506 
13:34:32.555    Creating an optimized production build ...
13:34:41.660  вң“ Compiled successfully
13:34:41.664    Linting and checking validity of types ...
13:34:52.557 Failed to compile.
13:34:52.557 
13:34:52.558 ./src/app/api/ledger/route.ts:42:9
13:34:52.558 Type error: Type '"GBP" | "EUR" | "USD" | "AUD" | "CAD"' is not assignable to type 'Currency | null | undefined'.
13:34:52.558   Type '"AUD"' is not assignable to type 'Currency | null | undefined'.
13:34:52.558 
13:34:52.559 [0m [90m 40 |[39m         delta[33m,[39m[0m
13:34:52.559 [0m [90m 41 |[39m         balanceAfter[33m:[39m newBalance[33m,[39m[0m
13:34:52.559 [0m[31m[1m>[22m[39m[90m 42 |[39m         currency[33m,[39m[0m
13:34:52.559 [0m [90m    |[39m         [31m[1m^[22m[39m[0m
13:34:52.559 [0m [90m 43 |[39m         amount[33m:[39m type [33m===[39m [32m'Top-up'[39m [33m?[39m amount [33m:[39m [36mnull[39m[33m,[39m[0m
13:34:52.560 [0m [90m 44 |[39m         receiptUrl[33m:[39m body[33m.[39mreceiptUrl [33m||[39m [36mnull[39m[33m,[39m[0m
13:34:52.560 [0m [90m 45 |[39m       }[33m,[39m[0m
13:34:52.641 error Command failed with exit code 1.
13:34:52.642 info Visit https://yarnpkg.com/en/docs/cli/run for documentation about this command.
13:34:52.664 Error: Command "yarn run build" exited with 1